-------------------------------------------------------------------------------
Test set: com.springboot.cms.ContactControllerIntegrationTest
-------------------------------------------------------------------------------
Tests run: 6, Failures: 1, Errors: 0, Skipped: 0, Time elapsed: 2.45 s <<< FAILURE! - in com.springboot.cms.ContactControllerIntegrationTest
testCreateContact(com.springboot.cms.ContactControllerIntegrationTest)  Time elapsed: 0.007 s  <<< FAILURE!
java.lang.AssertionError
	at com.springboot.cms.ContactControllerIntegrationTest.testCreateContact(ContactControllerIntegrationTest.java:68)

